[2017-08-31 19:46:08] fileLogger.INFO: Added radio with ID A4 [] []
[2017-08-31 20:06:09] fileLogger.INFO: Added radio with ID 65 [] []
[2017-08-31 21:33:33] fileLogger.INFO: Lent radio with ID 11 [] []
[2017-08-31 21:37:41] fileLogger.INFO: Lent radio with ID 12 [] []
[2017-08-31 21:37:49] fileLogger.INFO: Lent radio with ID 11 [] []
[2017-08-31 21:37:50] fileLogger.INFO: Lent radio with ID 11 [] []
[2017-08-31 21:50:25] fileLogger.INFO: Lent radio with ID fsdjlakj [] []
[2017-08-31 21:50:42] fileLogger.INFO: Lent radio with ID a [] []
[2017-08-31 21:50:45] fileLogger.INFO: Returned radio with ID fsdjlakj [] []
[2017-08-31 21:50:48] fileLogger.INFO: Lent radio with ID A4 [] []
[2017-08-31 21:50:50] fileLogger.INFO: Returned radio with ID a [] []
[2017-08-31 21:50:55] fileLogger.INFO: Lent radio with ID a [] []
[2017-08-31 21:50:56] fileLogger.INFO: Returned radio with ID a [] []
[2017-08-31 22:02:25] fileLogger.INFO: Lent radio with ID sksfdjk [] []
[2017-08-31 22:02:27] fileLogger.INFO: Returned radio with ID sksfdjk [] []
[2017-08-31 22:02:30] fileLogger.INFO: Lent radio with ID fsdjlakj [] []
[2017-08-31 22:02:32] fileLogger.INFO: Lent radio with ID a [] []
[2017-08-31 22:02:36] fileLogger.INFO: Lent radio with ID sksfdjk [] []
[2017-08-31 22:02:39] fileLogger.INFO: Returned radio with ID a [] []
[2017-08-31 22:02:51] fileLogger.INFO: Lent radio with ID a [] []
[2017-08-31 22:02:52] fileLogger.INFO: Returned radio with ID a [] []
[2017-08-31 22:43:52] fileLogger.INFO: Returned radio with ID sksfdjk [] []
[2017-08-31 22:43:54] fileLogger.INFO: Returned radio with ID sksfdjk [] []
[2017-08-31 22:54:51] fileLogger.INFO: Radio with ID sksfdjk is return [] []
[2017-08-31 22:54:52] fileLogger.INFO: Radio with ID fsdjlakj is return [] []
[2017-08-31 22:54:54] fileLogger.INFO: Radio with ID a is return [] []
[2017-08-31 22:54:55] fileLogger.INFO: Radio with ID a is return [] []
[2017-08-31 22:55:21] fileLogger.INFO: Radio with ID fsdjlakj is return [] []
[2017-08-31 22:55:22] fileLogger.INFO: Radio with ID a is return [] []
[2017-08-31 22:55:23] fileLogger.INFO: Radio with ID a is return [] []
[2017-08-31 22:55:24] fileLogger.INFO: Radio with ID a is return [] []
[2017-08-31 22:56:53] fileLogger.INFO: Radio with ID fsdjlakj is lend [] []
[2017-08-31 22:56:55] fileLogger.INFO: Radio with ID fsdjlakj is return [] []
[2017-08-31 22:56:56] fileLogger.INFO: Radio with ID fsdjlakj is lend [] []
[2017-08-31 22:56:58] fileLogger.INFO: Radio with ID sksfdjk is lend [] []
[2017-08-31 22:56:59] fileLogger.INFO: Radio with ID sksfdjk is return [] []
[2017-08-31 22:57:01] fileLogger.INFO: Radio with ID A4 is return [] []
[2017-08-31 22:57:34] fileLogger.INFO: Radio with ID: sksfdjk has action: lend [] []
[2017-08-31 22:57:35] fileLogger.INFO: Radio with ID: sksfdjk has action: return [] []
[2017-08-31 22:57:36] fileLogger.INFO: Radio with ID: fsdjlakj has action: return [] []
[2017-08-31 22:57:38] fileLogger.INFO: Radio with ID: a has action: lend [] []
[2017-08-31 22:59:04] fileLogger.INFO: Radio with ID: a has action: return [] []
[2017-08-31 22:59:23] fileLogger.INFO: Radio with ID: sksfdjk has action: lend [] []
[2017-08-31 23:05:37] fileLogger.INFO: Radio with ID: a has action: lend [] []
[2017-08-31 23:05:38] fileLogger.INFO: Radio with ID: a has action: return [] []
[2017-08-31 23:06:04] fileLogger.INFO: Added radio with ID A55 [] []
